c:\users\asus rog zephyrus\source\repos\asteroid_network\csd1130_asteroids\x64\debug\vc143.pdb
c:\users\asus rog zephyrus\source\repos\asteroid_network\csd1130_asteroids\x64\debug\vc143.idb
c:\users\asus rog zephyrus\source\repos\asteroid_network\csd1130_asteroids\x64\debug\shipsdata.obj
c:\users\asus rog zephyrus\source\repos\asteroid_network\csd1130_asteroids\x64\debug\main.obj
c:\users\asus rog zephyrus\source\repos\asteroid_network\csd1130_asteroids\x64\debug\gamestate_asteroids.obj
c:\users\asus rog zephyrus\source\repos\asteroid_network\csd1130_asteroids\x64\debug\gamestatemgr.obj
c:\users\asus rog zephyrus\source\repos\asteroid_network\csd1130_asteroids\x64\debug\collision.obj
c:\users\asus rog zephyrus\source\repos\asteroid_network\\bin\csd1130_asteroidsd.pdb
c:\users\asus rog zephyrus\source\repos\asteroid_network\csd1130_asteroids\x64\debug\csd1130_.ec5e8cf5.tlog\cl.command.1.tlog
c:\users\asus rog zephyrus\source\repos\asteroid_network\csd1130_asteroids\x64\debug\csd1130_.ec5e8cf5.tlog\cl.read.1.tlog
c:\users\asus rog zephyrus\source\repos\asteroid_network\csd1130_asteroids\x64\debug\csd1130_.ec5e8cf5.tlog\cl.write.1.tlog
c:\users\asus rog zephyrus\source\repos\asteroid_network\csd1130_asteroids\x64\debug\csd1130_.ec5e8cf5.tlog\link-cvtres.read.1.tlog
c:\users\asus rog zephyrus\source\repos\asteroid_network\csd1130_asteroids\x64\debug\csd1130_.ec5e8cf5.tlog\link-cvtres.write.1.tlog
c:\users\asus rog zephyrus\source\repos\asteroid_network\csd1130_asteroids\x64\debug\csd1130_.ec5e8cf5.tlog\link-rc.read.1.tlog
c:\users\asus rog zephyrus\source\repos\asteroid_network\csd1130_asteroids\x64\debug\csd1130_.ec5e8cf5.tlog\link-rc.write.1.tlog
c:\users\asus rog zephyrus\source\repos\asteroid_network\csd1130_asteroids\x64\debug\csd1130_.ec5e8cf5.tlog\link.command.1.tlog
c:\users\asus rog zephyrus\source\repos\asteroid_network\csd1130_asteroids\x64\debug\csd1130_.ec5e8cf5.tlog\link.read.1.tlog
c:\users\asus rog zephyrus\source\repos\asteroid_network\csd1130_asteroids\x64\debug\csd1130_.ec5e8cf5.tlog\link.read.2.tlog
c:\users\asus rog zephyrus\source\repos\asteroid_network\csd1130_asteroids\x64\debug\csd1130_.ec5e8cf5.tlog\link.read.3.tlog
c:\users\asus rog zephyrus\source\repos\asteroid_network\csd1130_asteroids\x64\debug\csd1130_.ec5e8cf5.tlog\link.read.4.tlog
c:\users\asus rog zephyrus\source\repos\asteroid_network\csd1130_asteroids\x64\debug\csd1130_.ec5e8cf5.tlog\link.write.1.tlog
